2021-03-15 14:02:13.214  INFO 11656 --- [restartedMain] com.crud.MandoDbApplication              : Starting MandoDbApplication using Java 11.0.9 on DESKTOP-ONV4FO4 with PID 11656 (C:\Users\Bluezone\git\MongoDbCrud\MandoDb\target\classes started by Bluezone in C:\Users\Bluezone\git\MongoDbCrud\MandoDb)
2021-03-15 14:02:13.236  INFO 11656 --- [restartedMain] com.crud.MandoDbApplication              : No active profile set, falling back to default profiles: default
2021-03-15 14:02:13.541  INFO 11656 --- [restartedMain] .e.DevToolsPropertyDefaultsPostProcessor : Devtools property defaults active! Set 'spring.devtools.add-properties' to 'false' to disable
2021-03-15 14:02:13.543  INFO 11656 --- [restartedMain] .e.DevToolsPropertyDefaultsPostProcessor : For additional web related logging consider setting the 'logging.level.web' property to 'DEBUG'
2021-03-15 14:02:16.821  INFO 11656 --- [restartedMain] .s.d.r.c.RepositoryConfigurationDelegate : Bootstrapping Spring Data MongoDB repositories in DEFAULT mode.
2021-03-15 14:02:17.026  INFO 11656 --- [restartedMain] .s.d.r.c.RepositoryConfigurationDelegate : Finished Spring Data repository scanning in 191 ms. Found 3 MongoDB repository interfaces.
2021-03-15 14:02:18.063  INFO 11656 --- [restartedMain] o.s.b.w.embedded.tomcat.TomcatWebServer  : Tomcat initialized with port(s): 8085 (http)
2021-03-15 14:02:18.083  INFO 11656 --- [restartedMain] o.apache.catalina.core.StandardService   : Starting service [Tomcat]
2021-03-15 14:02:18.084  INFO 11656 --- [restartedMain] org.apache.catalina.core.StandardEngine  : Starting Servlet engine: [Apache Tomcat/9.0.43]
2021-03-15 14:02:18.359  INFO 11656 --- [restartedMain] o.a.c.c.C.[Tomcat].[localhost].[/]       : Initializing Spring embedded WebApplicationContext
2021-03-15 14:02:18.360  INFO 11656 --- [restartedMain] w.s.c.ServletWebServerApplicationContext : Root WebApplicationContext: initialization completed in 4814 ms
2021-03-15 14:02:18.741  INFO 11656 --- [restartedMain] org.mongodb.driver.cluster               : Cluster created with settings {hosts=[localhost:27017], mode=SINGLE, requiredClusterType=UNKNOWN, serverSelectionTimeout='30000 ms'}
2021-03-15 14:02:18.930  INFO 11656 --- [cluster-rtt-ClusterId{value='604f1b92a23be21226d3123c', description='null'}-localhost:27017] org.mongodb.driver.connection            : Opened connection [connectionId{localValue:2, serverValue:30}] to localhost:27017
2021-03-15 14:02:18.930  INFO 11656 --- [cluster-ClusterId{value='604f1b92a23be21226d3123c', description='null'}-localhost:27017] org.mongodb.driver.connection            : Opened connection [connectionId{localValue:1, serverValue:29}] to localhost:27017
2021-03-15 14:02:18.935  INFO 11656 --- [cluster-ClusterId{value='604f1b92a23be21226d3123c', description='null'}-localhost:27017] org.mongodb.driver.cluster               : Monitor thread successfully connected to server with description ServerDescription{address=localhost:27017, type=STANDALONE, state=CONNECTED, ok=true, minWireVersion=0, maxWireVersion=9, maxDocumentSize=16777216, logicalSessionTimeoutMinutes=30, roundTripTimeNanos=50183100}
2021-03-15 14:02:19.207  INFO 11656 --- [restartedMain] o.s.b.d.a.OptionalLiveReloadServer       : LiveReload server is running on port 35729
2021-03-15 14:02:19.954  INFO 11656 --- [restartedMain] o.s.s.concurrent.ThreadPoolTaskExecutor  : Initializing ExecutorService 'applicationTaskExecutor'
2021-03-15 14:02:20.507  INFO 11656 --- [restartedMain] o.s.b.w.embedded.tomcat.TomcatWebServer  : Tomcat started on port(s): 8085 (http) with context path ''
2021-03-15 14:02:20.521  INFO 11656 --- [restartedMain] com.crud.MandoDbApplication              : Started MandoDbApplication in 8.25 seconds (JVM running for 10.295)
2021-03-15 14:04:30.688  INFO 11656 --- [http-nio-8085-exec-1] o.a.c.c.C.[Tomcat].[localhost].[/]       : Initializing Spring DispatcherServlet 'dispatcherServlet'
2021-03-15 14:04:30.689  INFO 11656 --- [http-nio-8085-exec-1] o.s.web.servlet.DispatcherServlet        : Initializing Servlet 'dispatcherServlet'
2021-03-15 14:04:30.691  INFO 11656 --- [http-nio-8085-exec-1] o.s.web.servlet.DispatcherServlet        : Completed initialization in 2 ms
2021-03-15 14:04:30.897  INFO 11656 --- [http-nio-8085-exec-1] org.mongodb.driver.connection            : Opened connection [connectionId{localValue:3, serverValue:31}] to localhost:27017
2021-03-15 14:04:47.661  INFO 11656 --- [http-nio-8085-exec-4] com.crud.controller.FeeController        : fetch All Records..
2021-03-15 14:04:47.760  WARN 11656 --- [http-nio-8085-exec-4] .m.m.a.ExceptionHandlerExceptionResolver : Resolved [org.springframework.data.mongodb.UncategorizedMongoDbException: Query failed with error code 2 and error message 'Field 'locale' is invalid in: { locale: "feeMaster" }' on server localhost:27017; nested exception is com.mongodb.MongoQueryException: Query failed with error code 2 and error message 'Field 'locale' is invalid in: { locale: "feeMaster" }' on server localhost:27017]
2021-03-15 14:16:03.709  INFO 11656 --- [RMI TCP Connection(17)-127.0.0.1] inMXBeanRegistrar$SpringApplicationAdmin : Application shutdown requested.
2021-03-15 14:16:04.081  INFO 11656 --- [RMI TCP Connection(17)-127.0.0.1] o.s.s.concurrent.ThreadPoolTaskExecutor  : Shutting down ExecutorService 'applicationTaskExecutor'
2021-03-15 14:16:04.095  INFO 11656 --- [RMI TCP Connection(17)-127.0.0.1] org.mongodb.driver.connection            : Closed connection [connectionId{localValue:3, serverValue:31}] to localhost:27017 because the pool has been closed.
2021-03-15 14:16:25.442  INFO 14788 --- [restartedMain] com.crud.MandoDbApplication              : Starting MandoDbApplication using Java 11.0.9 on DESKTOP-ONV4FO4 with PID 14788 (C:\Users\Bluezone\git\MongoDbCrud\MandoDb\target\classes started by Bluezone in C:\Users\Bluezone\git\MongoDbCrud\MandoDb)
2021-03-15 14:16:25.450  INFO 14788 --- [restartedMain] com.crud.MandoDbApplication              : No active profile set, falling back to default profiles: default
2021-03-15 14:16:25.572  INFO 14788 --- [restartedMain] .e.DevToolsPropertyDefaultsPostProcessor : Devtools property defaults active! Set 'spring.devtools.add-properties' to 'false' to disable
2021-03-15 14:16:25.573  INFO 14788 --- [restartedMain] .e.DevToolsPropertyDefaultsPostProcessor : For additional web related logging consider setting the 'logging.level.web' property to 'DEBUG'
2021-03-15 14:16:27.113  INFO 14788 --- [restartedMain] .s.d.r.c.RepositoryConfigurationDelegate : Bootstrapping Spring Data MongoDB repositories in DEFAULT mode.
2021-03-15 14:16:27.274  INFO 14788 --- [restartedMain] .s.d.r.c.RepositoryConfigurationDelegate : Finished Spring Data repository scanning in 152 ms. Found 3 MongoDB repository interfaces.
2021-03-15 14:16:28.319  INFO 14788 --- [restartedMain] o.s.b.w.embedded.tomcat.TomcatWebServer  : Tomcat initialized with port(s): 8085 (http)
2021-03-15 14:16:28.342  INFO 14788 --- [restartedMain] o.apache.catalina.core.StandardService   : Starting service [Tomcat]
2021-03-15 14:16:28.344  INFO 14788 --- [restartedMain] org.apache.catalina.core.StandardEngine  : Starting Servlet engine: [Apache Tomcat/9.0.43]
2021-03-15 14:16:28.669  INFO 14788 --- [restartedMain] o.a.c.c.C.[Tomcat].[localhost].[/]       : Initializing Spring embedded WebApplicationContext
2021-03-15 14:16:28.670  INFO 14788 --- [restartedMain] w.s.c.ServletWebServerApplicationContext : Root WebApplicationContext: initialization completed in 3095 ms
2021-03-15 14:16:29.007  INFO 14788 --- [restartedMain] org.mongodb.driver.cluster               : Cluster created with settings {hosts=[localhost:27017], mode=SINGLE, requiredClusterType=UNKNOWN, serverSelectionTimeout='30000 ms'}
2021-03-15 14:16:29.156  INFO 14788 --- [cluster-ClusterId{value='604f1ee494d17638159a4700', description='null'}-localhost:27017] org.mongodb.driver.connection            : Opened connection [connectionId{localValue:1, serverValue:33}] to localhost:27017
2021-03-15 14:16:29.160  INFO 14788 --- [cluster-ClusterId{value='604f1ee494d17638159a4700', description='null'}-localhost:27017] org.mongodb.driver.cluster               : Monitor thread successfully connected to server with description ServerDescription{address=localhost:27017, type=STANDALONE, state=CONNECTED, ok=true, minWireVersion=0, maxWireVersion=9, maxDocumentSize=16777216, logicalSessionTimeoutMinutes=30, roundTripTimeNanos=48278500}
2021-03-15 14:16:29.156  INFO 14788 --- [cluster-rtt-ClusterId{value='604f1ee494d17638159a4700', description='null'}-localhost:27017] org.mongodb.driver.connection            : Opened connection [connectionId{localValue:2, serverValue:32}] to localhost:27017
2021-03-15 14:16:29.431  INFO 14788 --- [restartedMain] o.s.b.d.a.OptionalLiveReloadServer       : LiveReload server is running on port 35729
2021-03-15 14:16:30.094  INFO 14788 --- [restartedMain] o.s.s.concurrent.ThreadPoolTaskExecutor  : Initializing ExecutorService 'applicationTaskExecutor'
2021-03-15 14:16:30.614  INFO 14788 --- [restartedMain] o.s.b.w.embedded.tomcat.TomcatWebServer  : Tomcat started on port(s): 8085 (http) with context path ''
2021-03-15 14:16:30.632  INFO 14788 --- [restartedMain] com.crud.MandoDbApplication              : Started MandoDbApplication in 6.22 seconds (JVM running for 8.466)
2021-03-15 14:17:10.303  INFO 14788 --- [http-nio-8085-exec-1] o.a.c.c.C.[Tomcat].[localhost].[/]       : Initializing Spring DispatcherServlet 'dispatcherServlet'
2021-03-15 14:17:10.305  INFO 14788 --- [http-nio-8085-exec-1] o.s.web.servlet.DispatcherServlet        : Initializing Servlet 'dispatcherServlet'
2021-03-15 14:17:10.307  INFO 14788 --- [http-nio-8085-exec-1] o.s.web.servlet.DispatcherServlet        : Completed initialization in 2 ms
2021-03-15 14:17:19.685  WARN 14788 --- [http-nio-8085-exec-2] .m.m.a.ExceptionHandlerExceptionResolver : Resolved [org.springframework.web.method.annotation.MethodArgumentTypeMismatchException: Failed to convert value of type 'java.lang.String' to required type 'long'; nested exception is java.lang.NumberFormatException: For input string: "Male"]
2021-03-15 14:17:40.380  INFO 14788 --- [http-nio-8085-exec-4] com.crud.controller.StudentController    : fetch All Records..
2021-03-15 14:17:40.516  INFO 14788 --- [http-nio-8085-exec-4] org.mongodb.driver.connection            : Opened connection [connectionId{localValue:3, serverValue:34}] to localhost:27017
2021-03-15 14:17:57.284  WARN 14788 --- [http-nio-8085-exec-5] .m.m.a.ExceptionHandlerExceptionResolver : Resolved [org.springframework.web.method.annotation.MethodArgumentTypeMismatchException: Failed to convert value of type 'java.lang.String' to required type 'long'; nested exception is java.lang.NumberFormatException: For input string: "Male"]
2021-03-15 14:18:34.372  INFO 14788 --- [http-nio-8085-exec-6] com.crud.controller.StudentController    : fetch All Records..
2021-03-15 14:18:39.768  INFO 14788 --- [http-nio-8085-exec-7] com.crud.controller.StudentController    : fetch All Records..
2021-03-15 14:19:26.173  INFO 14788 --- [RMI TCP Connection(5)-127.0.0.1] inMXBeanRegistrar$SpringApplicationAdmin : Application shutdown requested.
2021-03-15 14:19:26.486  INFO 14788 --- [RMI TCP Connection(5)-127.0.0.1] o.s.s.concurrent.ThreadPoolTaskExecutor  : Shutting down ExecutorService 'applicationTaskExecutor'
2021-03-15 14:19:26.497  INFO 14788 --- [RMI TCP Connection(5)-127.0.0.1] org.mongodb.driver.connection            : Closed connection [connectionId{localValue:3, serverValue:34}] to localhost:27017 because the pool has been closed.
2021-03-15 14:19:41.152  INFO 10820 --- [restartedMain] com.crud.MandoDbApplication              : Starting MandoDbApplication using Java 11.0.9 on DESKTOP-ONV4FO4 with PID 10820 (C:\Users\Bluezone\git\MongoDbCrud\MandoDb\target\classes started by Bluezone in C:\Users\Bluezone\git\MongoDbCrud\MandoDb)
2021-03-15 14:19:41.160  INFO 10820 --- [restartedMain] com.crud.MandoDbApplication              : No active profile set, falling back to default profiles: default
2021-03-15 14:19:41.278  INFO 10820 --- [restartedMain] .e.DevToolsPropertyDefaultsPostProcessor : Devtools property defaults active! Set 'spring.devtools.add-properties' to 'false' to disable
2021-03-15 14:19:41.279  INFO 10820 --- [restartedMain] .e.DevToolsPropertyDefaultsPostProcessor : For additional web related logging consider setting the 'logging.level.web' property to 'DEBUG'
2021-03-15 14:19:42.621  INFO 10820 --- [restartedMain] .s.d.r.c.RepositoryConfigurationDelegate : Bootstrapping Spring Data MongoDB repositories in DEFAULT mode.
2021-03-15 14:19:42.806  INFO 10820 --- [restartedMain] .s.d.r.c.RepositoryConfigurationDelegate : Finished Spring Data repository scanning in 176 ms. Found 3 MongoDB repository interfaces.
2021-03-15 14:19:43.771  INFO 10820 --- [restartedMain] o.s.b.w.embedded.tomcat.TomcatWebServer  : Tomcat initialized with port(s): 8085 (http)
2021-03-15 14:19:43.791  INFO 10820 --- [restartedMain] o.apache.catalina.core.StandardService   : Starting service [Tomcat]
2021-03-15 14:19:43.793  INFO 10820 --- [restartedMain] org.apache.catalina.core.StandardEngine  : Starting Servlet engine: [Apache Tomcat/9.0.43]
2021-03-15 14:19:44.066  INFO 10820 --- [restartedMain] o.a.c.c.C.[Tomcat].[localhost].[/]       : Initializing Spring embedded WebApplicationContext
2021-03-15 14:19:44.067  INFO 10820 --- [restartedMain] w.s.c.ServletWebServerApplicationContext : Root WebApplicationContext: initialization completed in 2786 ms
2021-03-15 14:19:44.448  INFO 10820 --- [restartedMain] org.mongodb.driver.cluster               : Cluster created with settings {hosts=[localhost:27017], mode=SINGLE, requiredClusterType=UNKNOWN, serverSelectionTimeout='30000 ms'}
2021-03-15 14:19:44.623  INFO 10820 --- [cluster-rtt-ClusterId{value='604f1fa8e396761556fdc6ff', description='null'}-localhost:27017] org.mongodb.driver.connection            : Opened connection [connectionId{localValue:2, serverValue:35}] to localhost:27017
2021-03-15 14:19:44.625  INFO 10820 --- [cluster-ClusterId{value='604f1fa8e396761556fdc6ff', description='null'}-localhost:27017] org.mongodb.driver.connection            : Opened connection [connectionId{localValue:1, serverValue:36}] to localhost:27017
2021-03-15 14:19:44.628  INFO 10820 --- [cluster-ClusterId{value='604f1fa8e396761556fdc6ff', description='null'}-localhost:27017] org.mongodb.driver.cluster               : Monitor thread successfully connected to server with description ServerDescription{address=localhost:27017, type=STANDALONE, state=CONNECTED, ok=true, minWireVersion=0, maxWireVersion=9, maxDocumentSize=16777216, logicalSessionTimeoutMinutes=30, roundTripTimeNanos=54276600}
2021-03-15 14:19:44.932  INFO 10820 --- [restartedMain] o.s.b.d.a.OptionalLiveReloadServer       : LiveReload server is running on port 35729
2021-03-15 14:19:45.511  INFO 10820 --- [restartedMain] o.s.s.concurrent.ThreadPoolTaskExecutor  : Initializing ExecutorService 'applicationTaskExecutor'
2021-03-15 14:19:45.909  INFO 10820 --- [restartedMain] o.s.b.w.embedded.tomcat.TomcatWebServer  : Tomcat started on port(s): 8085 (http) with context path ''
2021-03-15 14:19:45.924  INFO 10820 --- [restartedMain] com.crud.MandoDbApplication              : Started MandoDbApplication in 5.779 seconds (JVM running for 7.808)
2021-03-15 14:26:28.203  INFO 10820 --- [http-nio-8085-exec-1] o.a.c.c.C.[Tomcat].[localhost].[/]       : Initializing Spring DispatcherServlet 'dispatcherServlet'
2021-03-15 14:26:28.204  INFO 10820 --- [http-nio-8085-exec-1] o.s.web.servlet.DispatcherServlet        : Initializing Servlet 'dispatcherServlet'
2021-03-15 14:26:28.205  INFO 10820 --- [http-nio-8085-exec-1] o.s.web.servlet.DispatcherServlet        : Completed initialization in 1 ms
2021-03-15 14:26:28.500  INFO 10820 --- [http-nio-8085-exec-1] org.mongodb.driver.connection            : Opened connection [connectionId{localValue:3, serverValue:37}] to localhost:27017
2021-03-15 14:32:39.309  INFO 10820 --- [http-nio-8085-exec-3] com.crud.controller.StudentController    : fetch All Records..
2021-03-15 14:33:13.516  INFO 10820 --- [RMI TCP Connection(18)-127.0.0.1] inMXBeanRegistrar$SpringApplicationAdmin : Application shutdown requested.
2021-03-15 14:33:13.772  INFO 10820 --- [RMI TCP Connection(18)-127.0.0.1] o.s.s.concurrent.ThreadPoolTaskExecutor  : Shutting down ExecutorService 'applicationTaskExecutor'
2021-03-15 14:33:13.781  INFO 10820 --- [RMI TCP Connection(18)-127.0.0.1] org.mongodb.driver.connection            : Closed connection [connectionId{localValue:3, serverValue:37}] to localhost:27017 because the pool has been closed.
2021-03-15 14:33:32.924  INFO 1872 --- [restartedMain] com.crud.MandoDbApplication              : Starting MandoDbApplication using Java 11.0.9 on DESKTOP-ONV4FO4 with PID 1872 (C:\Users\Bluezone\git\MongoDbCrud\MandoDb\target\classes started by Bluezone in C:\Users\Bluezone\git\MongoDbCrud\MandoDb)
2021-03-15 14:33:32.934  INFO 1872 --- [restartedMain] com.crud.MandoDbApplication              : No active profile set, falling back to default profiles: default
2021-03-15 14:33:33.072  INFO 1872 --- [restartedMain] .e.DevToolsPropertyDefaultsPostProcessor : Devtools property defaults active! Set 'spring.devtools.add-properties' to 'false' to disable
2021-03-15 14:33:33.073  INFO 1872 --- [restartedMain] .e.DevToolsPropertyDefaultsPostProcessor : For additional web related logging consider setting the 'logging.level.web' property to 'DEBUG'
2021-03-15 14:33:34.470  INFO 1872 --- [restartedMain] .s.d.r.c.RepositoryConfigurationDelegate : Bootstrapping Spring Data MongoDB repositories in DEFAULT mode.
2021-03-15 14:33:34.666  INFO 1872 --- [restartedMain] .s.d.r.c.RepositoryConfigurationDelegate : Finished Spring Data repository scanning in 186 ms. Found 3 MongoDB repository interfaces.
2021-03-15 14:33:35.709  INFO 1872 --- [restartedMain] o.s.b.w.embedded.tomcat.TomcatWebServer  : Tomcat initialized with port(s): 8085 (http)
2021-03-15 14:33:35.732  INFO 1872 --- [restartedMain] o.apache.catalina.core.StandardService   : Starting service [Tomcat]
2021-03-15 14:33:35.733  INFO 1872 --- [restartedMain] org.apache.catalina.core.StandardEngine  : Starting Servlet engine: [Apache Tomcat/9.0.43]
2021-03-15 14:33:36.025  INFO 1872 --- [restartedMain] o.a.c.c.C.[Tomcat].[localhost].[/]       : Initializing Spring embedded WebApplicationContext
2021-03-15 14:33:36.026  INFO 1872 --- [restartedMain] w.s.c.ServletWebServerApplicationContext : Root WebApplicationContext: initialization completed in 2949 ms
2021-03-15 14:33:36.392  INFO 1872 --- [restartedMain] org.mongodb.driver.cluster               : Cluster created with settings {hosts=[localhost:27017], mode=SINGLE, requiredClusterType=UNKNOWN, serverSelectionTimeout='30000 ms'}
2021-03-15 14:33:36.568  INFO 1872 --- [cluster-ClusterId{value='604f22e85f09cb675793b8ce', description='null'}-localhost:27017] org.mongodb.driver.connection            : Opened connection [connectionId{localValue:2, serverValue:38}] to localhost:27017
2021-03-15 14:33:36.568  INFO 1872 --- [cluster-rtt-ClusterId{value='604f22e85f09cb675793b8ce', description='null'}-localhost:27017] org.mongodb.driver.connection            : Opened connection [connectionId{localValue:1, serverValue:39}] to localhost:27017
2021-03-15 14:33:36.571  INFO 1872 --- [cluster-ClusterId{value='604f22e85f09cb675793b8ce', description='null'}-localhost:27017] org.mongodb.driver.cluster               : Monitor thread successfully connected to server with description ServerDescription{address=localhost:27017, type=STANDALONE, state=CONNECTED, ok=true, minWireVersion=0, maxWireVersion=9, maxDocumentSize=16777216, logicalSessionTimeoutMinutes=30, roundTripTimeNanos=53434600}
2021-03-15 14:33:36.940  INFO 1872 --- [restartedMain] o.s.b.d.a.OptionalLiveReloadServer       : LiveReload server is running on port 35729
2021-03-15 14:33:37.556  INFO 1872 --- [restartedMain] o.s.s.concurrent.ThreadPoolTaskExecutor  : Initializing ExecutorService 'applicationTaskExecutor'
2021-03-15 14:33:37.970  INFO 1872 --- [restartedMain] o.s.b.w.embedded.tomcat.TomcatWebServer  : Tomcat started on port(s): 8085 (http) with context path ''
2021-03-15 14:33:37.985  INFO 1872 --- [restartedMain] com.crud.MandoDbApplication              : Started MandoDbApplication in 6.06 seconds (JVM running for 8.288)
2021-03-15 14:34:03.820  INFO 1872 --- [http-nio-8085-exec-1] o.a.c.c.C.[Tomcat].[localhost].[/]       : Initializing Spring DispatcherServlet 'dispatcherServlet'
2021-03-15 14:34:03.820  INFO 1872 --- [http-nio-8085-exec-1] o.s.web.servlet.DispatcherServlet        : Initializing Servlet 'dispatcherServlet'
2021-03-15 14:34:03.822  INFO 1872 --- [http-nio-8085-exec-1] o.s.web.servlet.DispatcherServlet        : Completed initialization in 1 ms
2021-03-15 14:34:04.061  INFO 1872 --- [http-nio-8085-exec-1] org.mongodb.driver.connection            : Opened connection [connectionId{localValue:3, serverValue:40}] to localhost:27017
2021-03-15 14:35:16.413  INFO 1872 --- [RMI TCP Connection(5)-127.0.0.1] inMXBeanRegistrar$SpringApplicationAdmin : Application shutdown requested.
2021-03-15 14:35:16.695  INFO 1872 --- [RMI TCP Connection(5)-127.0.0.1] o.s.s.concurrent.ThreadPoolTaskExecutor  : Shutting down ExecutorService 'applicationTaskExecutor'
2021-03-15 14:35:16.707  INFO 1872 --- [RMI TCP Connection(5)-127.0.0.1] org.mongodb.driver.connection            : Closed connection [connectionId{localValue:3, serverValue:40}] to localhost:27017 because the pool has been closed.
2021-03-15 14:38:21.135  INFO 10228 --- [restartedMain] com.crud.MandoDbApplication              : Starting MandoDbApplication using Java 11.0.9 on DESKTOP-ONV4FO4 with PID 10228 (C:\Users\Bluezone\git\MongoDbCrud\MandoDb\target\classes started by Bluezone in C:\Users\Bluezone\git\MongoDbCrud\MandoDb)
2021-03-15 14:38:21.147  INFO 10228 --- [restartedMain] com.crud.MandoDbApplication              : No active profile set, falling back to default profiles: default
2021-03-15 14:38:21.323  INFO 10228 --- [restartedMain] .e.DevToolsPropertyDefaultsPostProcessor : Devtools property defaults active! Set 'spring.devtools.add-properties' to 'false' to disable
2021-03-15 14:38:21.326  INFO 10228 --- [restartedMain] .e.DevToolsPropertyDefaultsPostProcessor : For additional web related logging consider setting the 'logging.level.web' property to 'DEBUG'
2021-03-15 14:38:23.117  INFO 10228 --- [restartedMain] .s.d.r.c.RepositoryConfigurationDelegate : Bootstrapping Spring Data MongoDB repositories in DEFAULT mode.
2021-03-15 14:38:23.258  INFO 10228 --- [restartedMain] .s.d.r.c.RepositoryConfigurationDelegate : Finished Spring Data repository scanning in 132 ms. Found 3 MongoDB repository interfaces.
2021-03-15 14:38:24.259  INFO 10228 --- [restartedMain] o.s.b.w.embedded.tomcat.TomcatWebServer  : Tomcat initialized with port(s): 8085 (http)
2021-03-15 14:38:24.286  INFO 10228 --- [restartedMain] o.apache.catalina.core.StandardService   : Starting service [Tomcat]
2021-03-15 14:38:24.287  INFO 10228 --- [restartedMain] org.apache.catalina.core.StandardEngine  : Starting Servlet engine: [Apache Tomcat/9.0.43]
2021-03-15 14:38:24.618  INFO 10228 --- [restartedMain] o.a.c.c.C.[Tomcat].[localhost].[/]       : Initializing Spring embedded WebApplicationContext
2021-03-15 14:38:24.619  INFO 10228 --- [restartedMain] w.s.c.ServletWebServerApplicationContext : Root WebApplicationContext: initialization completed in 3291 ms
2021-03-15 14:38:24.926  INFO 10228 --- [restartedMain] org.mongodb.driver.cluster               : Cluster created with settings {hosts=[localhost:27017], mode=SINGLE, requiredClusterType=UNKNOWN, serverSelectionTimeout='30000 ms'}
2021-03-15 14:38:25.065  INFO 10228 --- [cluster-ClusterId{value='604f2408c53dcb3a297b6718', description='null'}-localhost:27017] org.mongodb.driver.connection            : Opened connection [connectionId{localValue:2, serverValue:41}] to localhost:27017
2021-03-15 14:38:25.065  INFO 10228 --- [cluster-rtt-ClusterId{value='604f2408c53dcb3a297b6718', description='null'}-localhost:27017] org.mongodb.driver.connection            : Opened connection [connectionId{localValue:1, serverValue:42}] to localhost:27017
2021-03-15 14:38:25.068  INFO 10228 --- [cluster-ClusterId{value='604f2408c53dcb3a297b6718', description='null'}-localhost:27017] org.mongodb.driver.cluster               : Monitor thread successfully connected to server with description ServerDescription{address=localhost:27017, type=STANDALONE, state=CONNECTED, ok=true, minWireVersion=0, maxWireVersion=9, maxDocumentSize=16777216, logicalSessionTimeoutMinutes=30, roundTripTimeNanos=45194900}
2021-03-15 14:38:25.320  INFO 10228 --- [restartedMain] o.s.b.d.a.OptionalLiveReloadServer       : LiveReload server is running on port 35729
2021-03-15 14:38:25.984  INFO 10228 --- [restartedMain] o.s.s.concurrent.ThreadPoolTaskExecutor  : Initializing ExecutorService 'applicationTaskExecutor'
2021-03-15 14:38:26.477  INFO 10228 --- [restartedMain] o.s.b.w.embedded.tomcat.TomcatWebServer  : Tomcat started on port(s): 8085 (http) with context path ''
2021-03-15 14:38:26.491  INFO 10228 --- [restartedMain] com.crud.MandoDbApplication              : Started MandoDbApplication in 6.39 seconds (JVM running for 8.209)
2021-03-15 14:38:40.757  INFO 10228 --- [http-nio-8085-exec-1] o.a.c.c.C.[Tomcat].[localhost].[/]       : Initializing Spring DispatcherServlet 'dispatcherServlet'
2021-03-15 14:38:40.758  INFO 10228 --- [http-nio-8085-exec-1] o.s.web.servlet.DispatcherServlet        : Initializing Servlet 'dispatcherServlet'
2021-03-15 14:38:40.761  INFO 10228 --- [http-nio-8085-exec-1] o.s.web.servlet.DispatcherServlet        : Completed initialization in 2 ms
2021-03-15 14:38:41.083  INFO 10228 --- [http-nio-8085-exec-1] org.mongodb.driver.connection            : Opened connection [connectionId{localValue:3, serverValue:43}] to localhost:27017
2021-03-15 14:39:09.802  INFO 10228 --- [http-nio-8085-exec-3] com.crud.controller.StudentController    : fetch All Records..
2021-03-15 14:42:48.108  INFO 10228 --- [RMI TCP Connection(8)-127.0.0.1] inMXBeanRegistrar$SpringApplicationAdmin : Application shutdown requested.
2021-03-15 14:42:48.464  INFO 10228 --- [RMI TCP Connection(8)-127.0.0.1] o.s.s.concurrent.ThreadPoolTaskExecutor  : Shutting down ExecutorService 'applicationTaskExecutor'
2021-03-15 14:42:48.476  INFO 10228 --- [RMI TCP Connection(8)-127.0.0.1] org.mongodb.driver.connection            : Closed connection [connectionId{localValue:3, serverValue:43}] to localhost:27017 because the pool has been closed.
2021-03-15 14:43:09.813  INFO 8344 --- [restartedMain] com.crud.MandoDbApplication              : Starting MandoDbApplication using Java 11.0.9 on DESKTOP-ONV4FO4 with PID 8344 (C:\Users\Bluezone\git\MongoDbCrud\MandoDb\target\classes started by Bluezone in C:\Users\Bluezone\git\MongoDbCrud\MandoDb)
2021-03-15 14:43:09.822  INFO 8344 --- [restartedMain] com.crud.MandoDbApplication              : No active profile set, falling back to default profiles: default
2021-03-15 14:43:09.939  INFO 8344 --- [restartedMain] .e.DevToolsPropertyDefaultsPostProcessor : Devtools property defaults active! Set 'spring.devtools.add-properties' to 'false' to disable
2021-03-15 14:43:09.941  INFO 8344 --- [restartedMain] .e.DevToolsPropertyDefaultsPostProcessor : For additional web related logging consider setting the 'logging.level.web' property to 'DEBUG'
2021-03-15 14:43:11.374  INFO 8344 --- [restartedMain] .s.d.r.c.RepositoryConfigurationDelegate : Bootstrapping Spring Data MongoDB repositories in DEFAULT mode.
2021-03-15 14:43:11.522  INFO 8344 --- [restartedMain] .s.d.r.c.RepositoryConfigurationDelegate : Finished Spring Data repository scanning in 139 ms. Found 3 MongoDB repository interfaces.
2021-03-15 14:43:12.463  INFO 8344 --- [restartedMain] o.s.b.w.embedded.tomcat.TomcatWebServer  : Tomcat initialized with port(s): 8085 (http)
2021-03-15 14:43:12.484  INFO 8344 --- [restartedMain] o.apache.catalina.core.StandardService   : Starting service [Tomcat]
2021-03-15 14:43:12.486  INFO 8344 --- [restartedMain] org.apache.catalina.core.StandardEngine  : Starting Servlet engine: [Apache Tomcat/9.0.43]
2021-03-15 14:43:12.794  INFO 8344 --- [restartedMain] o.a.c.c.C.[Tomcat].[localhost].[/]       : Initializing Spring embedded WebApplicationContext
2021-03-15 14:43:12.796  INFO 8344 --- [restartedMain] w.s.c.ServletWebServerApplicationContext : Root WebApplicationContext: initialization completed in 2850 ms
2021-03-15 14:43:13.168  INFO 8344 --- [restartedMain] org.mongodb.driver.cluster               : Cluster created with settings {hosts=[localhost:27017], mode=SINGLE, requiredClusterType=UNKNOWN, serverSelectionTimeout='30000 ms'}
2021-03-15 14:43:13.308  INFO 8344 --- [cluster-ClusterId{value='604f2529d6c7ed37da058770', description='null'}-localhost:27017] org.mongodb.driver.connection            : Opened connection [connectionId{localValue:1, serverValue:44}] to localhost:27017
2021-03-15 14:43:13.308  INFO 8344 --- [cluster-rtt-ClusterId{value='604f2529d6c7ed37da058770', description='null'}-localhost:27017] org.mongodb.driver.connection            : Opened connection [connectionId{localValue:2, serverValue:45}] to localhost:27017
2021-03-15 14:43:13.312  INFO 8344 --- [cluster-ClusterId{value='604f2529d6c7ed37da058770', description='null'}-localhost:27017] org.mongodb.driver.cluster               : Monitor thread successfully connected to server with description ServerDescription{address=localhost:27017, type=STANDALONE, state=CONNECTED, ok=true, minWireVersion=0, maxWireVersion=9, maxDocumentSize=16777216, logicalSessionTimeoutMinutes=30, roundTripTimeNanos=48234400}
2021-03-15 14:43:13.583  INFO 8344 --- [restartedMain] o.s.b.d.a.OptionalLiveReloadServer       : LiveReload server is running on port 35729
2021-03-15 14:43:14.141  INFO 8344 --- [restartedMain] o.s.s.concurrent.ThreadPoolTaskExecutor  : Initializing ExecutorService 'applicationTaskExecutor'
2021-03-15 14:43:14.693  INFO 8344 --- [restartedMain] o.s.b.w.embedded.tomcat.TomcatWebServer  : Tomcat started on port(s): 8085 (http) with context path ''
2021-03-15 14:43:14.713  INFO 8344 --- [restartedMain] com.crud.MandoDbApplication              : Started MandoDbApplication in 5.867 seconds (JVM running for 7.909)
2021-03-15 14:43:54.086  INFO 8344 --- [http-nio-8085-exec-1] o.a.c.c.C.[Tomcat].[localhost].[/]       : Initializing Spring DispatcherServlet 'dispatcherServlet'
2021-03-15 14:43:54.088  INFO 8344 --- [http-nio-8085-exec-1] o.s.web.servlet.DispatcherServlet        : Initializing Servlet 'dispatcherServlet'
2021-03-15 14:43:54.090  INFO 8344 --- [http-nio-8085-exec-1] o.s.web.servlet.DispatcherServlet        : Completed initialization in 2 ms
2021-03-15 14:43:54.193  INFO 8344 --- [http-nio-8085-exec-1] com.crud.controller.StudentController    : fetch All Records..
2021-03-15 14:43:54.366  INFO 8344 --- [http-nio-8085-exec-1] org.mongodb.driver.connection            : Opened connection [connectionId{localValue:3, serverValue:46}] to localhost:27017
2021-03-15 14:46:16.309  INFO 8344 --- [cluster-ClusterId{value='604f2529d6c7ed37da058770', description='null'}-localhost:27017] org.mongodb.driver.cluster               : Exception in monitor thread while connecting to server localhost:27017

com.mongodb.MongoSocketReadException: Exception receiving message
	at com.mongodb.internal.connection.InternalStreamConnection.translateReadException(InternalStreamConnection.java:637) ~[mongodb-driver-core-4.1.1.jar:na]
	at com.mongodb.internal.connection.InternalStreamConnection.receiveMessageWithAdditionalTimeout(InternalStreamConnection.java:516) ~[mongodb-driver-core-4.1.1.jar:na]
	at com.mongodb.internal.connection.InternalStreamConnection.receiveCommandMessageResponse(InternalStreamConnection.java:356) ~[mongodb-driver-core-4.1.1.jar:na]
	at com.mongodb.internal.connection.InternalStreamConnection.receive(InternalStreamConnection.java:316) ~[mongodb-driver-core-4.1.1.jar:na]
	at com.mongodb.internal.connection.DefaultServerMonitor$ServerMonitorRunnable.lookupServerDescription(DefaultServerMonitor.java:215) ~[mongodb-driver-core-4.1.1.jar:na]
	at com.mongodb.internal.connection.DefaultServerMonitor$ServerMonitorRunnable.run(DefaultServerMonitor.java:144) ~[mongodb-driver-core-4.1.1.jar:na]
	at java.base/java.lang.Thread.run(Thread.java:834) ~[na:na]
Caused by: java.net.SocketException: Connection reset
	at java.base/java.net.SocketInputStream.read(SocketInputStream.java:186) ~[na:na]
	at java.base/java.net.SocketInputStream.read(SocketInputStream.java:140) ~[na:na]
	at com.mongodb.internal.connection.SocketStream.read(SocketStream.java:109) ~[mongodb-driver-core-4.1.1.jar:na]
	at com.mongodb.internal.connection.SocketStream.read(SocketStream.java:131) ~[mongodb-driver-core-4.1.1.jar:na]
	at com.mongodb.internal.connection.InternalStreamConnection.receiveResponseBuffers(InternalStreamConnection.java:648) ~[mongodb-driver-core-4.1.1.jar:na]
	at com.mongodb.internal.connection.InternalStreamConnection.receiveMessageWithAdditionalTimeout(InternalStreamConnection.java:513) ~[mongodb-driver-core-4.1.1.jar:na]
	... 5 common frames omitted

2021-03-15 14:46:18.374  INFO 8344 --- [cluster-ClusterId{value='604f2529d6c7ed37da058770', description='null'}-localhost:27017] org.mongodb.driver.cluster               : Exception in monitor thread while connecting to server localhost:27017

com.mongodb.MongoSocketOpenException: Exception opening socket
	at com.mongodb.internal.connection.SocketStream.open(SocketStream.java:70) ~[mongodb-driver-core-4.1.1.jar:na]
	at com.mongodb.internal.connection.InternalStreamConnection.open(InternalStreamConnection.java:143) ~[mongodb-driver-core-4.1.1.jar:na]
	at com.mongodb.internal.connection.DefaultServerMonitor$ServerMonitorRunnable.lookupServerDescription(DefaultServerMonitor.java:188) ~[mongodb-driver-core-4.1.1.jar:na]
	at com.mongodb.internal.connection.DefaultServerMonitor$ServerMonitorRunnable.run(DefaultServerMonitor.java:144) ~[mongodb-driver-core-4.1.1.jar:na]
	at java.base/java.lang.Thread.run(Thread.java:834) ~[na:na]
Caused by: java.net.ConnectException: Connection refused: connect
	at java.base/java.net.PlainSocketImpl.waitForConnect(Native Method) ~[na:na]
	at java.base/java.net.PlainSocketImpl.socketConnect(PlainSocketImpl.java:107) ~[na:na]
	at java.base/java.net.AbstractPlainSocketImpl.doConnect(AbstractPlainSocketImpl.java:399) ~[na:na]
	at java.base/java.net.AbstractPlainSocketImpl.connectToAddress(AbstractPlainSocketImpl.java:242) ~[na:na]
	at java.base/java.net.AbstractPlainSocketImpl.connect(AbstractPlainSocketImpl.java:224) ~[na:na]
	at java.base/java.net.SocksSocketImpl.connect(SocksSocketImpl.java:403) ~[na:na]
	at java.base/java.net.Socket.connect(Socket.java:608) ~[na:na]
	at com.mongodb.internal.connection.SocketStreamHelper.initialize(SocketStreamHelper.java:78) ~[mongodb-driver-core-4.1.1.jar:na]
	at com.mongodb.internal.connection.SocketStream.initializeSocket(SocketStream.java:79) ~[mongodb-driver-core-4.1.1.jar:na]
	at com.mongodb.internal.connection.SocketStream.open(SocketStream.java:65) ~[mongodb-driver-core-4.1.1.jar:na]
	... 4 common frames omitted

2021-03-15 14:48:52.565  INFO 8344 --- [RMI TCP Connection(9)-127.0.0.1] inMXBeanRegistrar$SpringApplicationAdmin : Application shutdown requested.
2021-03-15 14:48:52.950  INFO 8344 --- [RMI TCP Connection(9)-127.0.0.1] o.s.s.concurrent.ThreadPoolTaskExecutor  : Shutting down ExecutorService 'applicationTaskExecutor'
2021-03-15 14:48:52.963  INFO 8344 --- [RMI TCP Connection(9)-127.0.0.1] org.mongodb.driver.connection            : Closed connection [connectionId{localValue:3, serverValue:46}] to localhost:27017 because there was a socket exception raised on another connection from this pool.
2021-03-15 14:49:17.891  INFO 5832 --- [restartedMain] com.crud.MandoDbApplication              : Starting MandoDbApplication using Java 11.0.9 on DESKTOP-ONV4FO4 with PID 5832 (C:\Users\Bluezone\git\MongoDbCrud\MandoDb\target\classes started by Bluezone in C:\Users\Bluezone\git\MongoDbCrud\MandoDb)
2021-03-15 14:49:17.899  INFO 5832 --- [restartedMain] com.crud.MandoDbApplication              : No active profile set, falling back to default profiles: default
2021-03-15 14:49:18.015  INFO 5832 --- [restartedMain] .e.DevToolsPropertyDefaultsPostProcessor : Devtools property defaults active! Set 'spring.devtools.add-properties' to 'false' to disable
2021-03-15 14:49:18.016  INFO 5832 --- [restartedMain] .e.DevToolsPropertyDefaultsPostProcessor : For additional web related logging consider setting the 'logging.level.web' property to 'DEBUG'
2021-03-15 14:49:19.735  INFO 5832 --- [restartedMain] .s.d.r.c.RepositoryConfigurationDelegate : Bootstrapping Spring Data MongoDB repositories in DEFAULT mode.
2021-03-15 14:49:19.890  INFO 5832 --- [restartedMain] .s.d.r.c.RepositoryConfigurationDelegate : Finished Spring Data repository scanning in 146 ms. Found 3 MongoDB repository interfaces.
2021-03-15 14:49:20.993  INFO 5832 --- [restartedMain] o.s.b.w.embedded.tomcat.TomcatWebServer  : Tomcat initialized with port(s): 8085 (http)
2021-03-15 14:49:21.016  INFO 5832 --- [restartedMain] o.apache.catalina.core.StandardService   : Starting service [Tomcat]
2021-03-15 14:49:21.017  INFO 5832 --- [restartedMain] org.apache.catalina.core.StandardEngine  : Starting Servlet engine: [Apache Tomcat/9.0.43]
2021-03-15 14:49:21.426  INFO 5832 --- [restartedMain] o.a.c.c.C.[Tomcat].[localhost].[/]       : Initializing Spring embedded WebApplicationContext
2021-03-15 14:49:21.427  INFO 5832 --- [restartedMain] w.s.c.ServletWebServerApplicationContext : Root WebApplicationContext: initialization completed in 3409 ms
2021-03-15 14:49:21.811  INFO 5832 --- [restartedMain] org.mongodb.driver.cluster               : Cluster created with settings {hosts=[localhost:27017], mode=SINGLE, requiredClusterType=UNKNOWN, serverSelectionTimeout='30000 ms'}
2021-03-15 14:49:22.262  INFO 5832 --- [restartedMain] o.s.b.d.a.OptionalLiveReloadServer       : LiveReload server is running on port 35729
2021-03-15 14:49:22.868  INFO 5832 --- [restartedMain] o.s.s.concurrent.ThreadPoolTaskExecutor  : Initializing ExecutorService 'applicationTaskExecutor'
2021-03-15 14:49:23.389  INFO 5832 --- [restartedMain] o.s.b.w.embedded.tomcat.TomcatWebServer  : Tomcat started on port(s): 8085 (http) with context path ''
2021-03-15 14:49:23.407  INFO 5832 --- [restartedMain] com.crud.MandoDbApplication              : Started MandoDbApplication in 6.448 seconds (JVM running for 8.933)
2021-03-15 14:49:23.969  INFO 5832 --- [cluster-ClusterId{value='604f26995ef35a2e240c15a2', description='null'}-localhost:27017] org.mongodb.driver.cluster               : Exception in monitor thread while connecting to server localhost:27017

com.mongodb.MongoSocketOpenException: Exception opening socket
	at com.mongodb.internal.connection.SocketStream.open(SocketStream.java:70) ~[mongodb-driver-core-4.1.1.jar:na]
	at com.mongodb.internal.connection.InternalStreamConnection.open(InternalStreamConnection.java:143) ~[mongodb-driver-core-4.1.1.jar:na]
	at com.mongodb.internal.connection.DefaultServerMonitor$ServerMonitorRunnable.lookupServerDescription(DefaultServerMonitor.java:188) ~[mongodb-driver-core-4.1.1.jar:na]
	at com.mongodb.internal.connection.DefaultServerMonitor$ServerMonitorRunnable.run(DefaultServerMonitor.java:144) ~[mongodb-driver-core-4.1.1.jar:na]
	at java.base/java.lang.Thread.run(Thread.java:834) ~[na:na]
Caused by: java.net.ConnectException: Connection refused: connect
	at java.base/java.net.PlainSocketImpl.waitForConnect(Native Method) ~[na:na]
	at java.base/java.net.PlainSocketImpl.socketConnect(PlainSocketImpl.java:107) ~[na:na]
	at java.base/java.net.AbstractPlainSocketImpl.doConnect(AbstractPlainSocketImpl.java:399) ~[na:na]
	at java.base/java.net.AbstractPlainSocketImpl.connectToAddress(AbstractPlainSocketImpl.java:242) ~[na:na]
	at java.base/java.net.AbstractPlainSocketImpl.connect(AbstractPlainSocketImpl.java:224) ~[na:na]
	at java.base/java.net.SocksSocketImpl.connect(SocksSocketImpl.java:403) ~[na:na]
	at java.base/java.net.Socket.connect(Socket.java:608) ~[na:na]
	at com.mongodb.internal.connection.SocketStreamHelper.initialize(SocketStreamHelper.java:78) ~[mongodb-driver-core-4.1.1.jar:na]
	at com.mongodb.internal.connection.SocketStream.initializeSocket(SocketStream.java:79) ~[mongodb-driver-core-4.1.1.jar:na]
	at com.mongodb.internal.connection.SocketStream.open(SocketStream.java:65) ~[mongodb-driver-core-4.1.1.jar:na]
	... 4 common frames omitted

2021-03-15 14:51:46.114  INFO 5832 --- [RMI TCP Connection(5)-127.0.0.1] inMXBeanRegistrar$SpringApplicationAdmin : Application shutdown requested.
2021-03-15 14:51:46.445  INFO 5832 --- [RMI TCP Connection(5)-127.0.0.1] o.s.s.concurrent.ThreadPoolTaskExecutor  : Shutting down ExecutorService 'applicationTaskExecutor'
2021-03-15 15:08:11.807  INFO 8772 --- [restartedMain] com.crud.MandoDbApplication              : Starting MandoDbApplication using Java 11.0.9 on DESKTOP-ONV4FO4 with PID 8772 (C:\Users\Bluezone\git\MongoDbCrud\MandoDb\target\classes started by Bluezone in C:\Users\Bluezone\git\MongoDbCrud\MandoDb)
2021-03-15 15:08:11.864  INFO 8772 --- [restartedMain] com.crud.MandoDbApplication              : No active profile set, falling back to default profiles: default
2021-03-15 15:08:12.478  INFO 8772 --- [restartedMain] .e.DevToolsPropertyDefaultsPostProcessor : Devtools property defaults active! Set 'spring.devtools.add-properties' to 'false' to disable
2021-03-15 15:08:12.479  INFO 8772 --- [restartedMain] .e.DevToolsPropertyDefaultsPostProcessor : For additional web related logging consider setting the 'logging.level.web' property to 'DEBUG'
2021-03-15 15:08:19.744  INFO 8772 --- [restartedMain] .s.d.r.c.RepositoryConfigurationDelegate : Bootstrapping Spring Data MongoDB repositories in DEFAULT mode.
2021-03-15 15:08:21.035  INFO 8772 --- [restartedMain] .s.d.r.c.RepositoryConfigurationDelegate : Finished Spring Data repository scanning in 1250 ms. Found 3 MongoDB repository interfaces.
2021-03-15 15:08:26.618  INFO 8772 --- [restartedMain] o.s.b.w.embedded.tomcat.TomcatWebServer  : Tomcat initialized with port(s): 8085 (http)
2021-03-15 15:08:26.899  INFO 8772 --- [restartedMain] o.apache.catalina.core.StandardService   : Starting service [Tomcat]
2021-03-15 15:08:26.905  INFO 8772 --- [restartedMain] org.apache.catalina.core.StandardEngine  : Starting Servlet engine: [Apache Tomcat/9.0.43]
2021-03-15 15:08:28.931  INFO 8772 --- [restartedMain] o.a.c.c.C.[Tomcat].[localhost].[/]       : Initializing Spring embedded WebApplicationContext
2021-03-15 15:08:28.933  INFO 8772 --- [restartedMain] w.s.c.ServletWebServerApplicationContext : Root WebApplicationContext: initialization completed in 16452 ms
2021-03-15 15:08:30.609  INFO 8772 --- [restartedMain] org.mongodb.driver.cluster               : Cluster created with settings {hosts=[localhost:27017], mode=SINGLE, requiredClusterType=UNKNOWN, serverSelectionTimeout='30000 ms'}
2021-03-15 15:08:30.965  INFO 8772 --- [cluster-rtt-ClusterId{value='604f2b1621e0c5349ddc878f', description='null'}-localhost:27017] org.mongodb.driver.connection            : Opened connection [connectionId{localValue:2, serverValue:13}] to localhost:27017
2021-03-15 15:08:30.965  INFO 8772 --- [cluster-ClusterId{value='604f2b1621e0c5349ddc878f', description='null'}-localhost:27017] org.mongodb.driver.connection            : Opened connection [connectionId{localValue:1, serverValue:12}] to localhost:27017
2021-03-15 15:08:30.972  INFO 8772 --- [cluster-ClusterId{value='604f2b1621e0c5349ddc878f', description='null'}-localhost:27017] org.mongodb.driver.cluster               : Monitor thread successfully connected to server with description ServerDescription{address=localhost:27017, type=STANDALONE, state=CONNECTED, ok=true, minWireVersion=0, maxWireVersion=9, maxDocumentSize=16777216, logicalSessionTimeoutMinutes=30, roundTripTimeNanos=131046500}
2021-03-15 15:08:33.277  INFO 8772 --- [restartedMain] o.s.b.d.a.OptionalLiveReloadServer       : LiveReload server is running on port 35729
2021-03-15 15:08:35.246  INFO 8772 --- [restartedMain] o.s.s.concurrent.ThreadPoolTaskExecutor  : Initializing ExecutorService 'applicationTaskExecutor'
2021-03-15 15:08:36.531  INFO 8772 --- [restartedMain] o.s.b.w.embedded.tomcat.TomcatWebServer  : Tomcat started on port(s): 8085 (http) with context path ''
2021-03-15 15:08:36.665  INFO 8772 --- [restartedMain] com.crud.MandoDbApplication              : Started MandoDbApplication in 29.773 seconds (JVM running for 40.031)
2021-03-15 15:10:46.726  INFO 8772 --- [http-nio-8085-exec-1] o.a.c.c.C.[Tomcat].[localhost].[/]       : Initializing Spring DispatcherServlet 'dispatcherServlet'
2021-03-15 15:10:46.728  INFO 8772 --- [http-nio-8085-exec-1] o.s.web.servlet.DispatcherServlet        : Initializing Servlet 'dispatcherServlet'
2021-03-15 15:10:46.733  INFO 8772 --- [http-nio-8085-exec-1] o.s.web.servlet.DispatcherServlet        : Completed initialization in 3 ms
2021-03-15 15:10:46.804  INFO 8772 --- [http-nio-8085-exec-1] com.crud.controller.FeeController        : fetch All Records..
2021-03-15 15:10:46.955  INFO 8772 --- [http-nio-8085-exec-1] org.mongodb.driver.connection            : Opened connection [connectionId{localValue:3, serverValue:14}] to localhost:27017
2021-03-15 15:10:47.268  WARN 8772 --- [http-nio-8085-exec-1] .m.m.a.ExceptionHandlerExceptionResolver : Resolved [org.springframework.data.mongodb.UncategorizedMongoDbException: Query failed with error code 2 and error message 'Field 'locale' is invalid in: { locale: "feeMaster" }' on server localhost:27017; nested exception is com.mongodb.MongoQueryException: Query failed with error code 2 and error message 'Field 'locale' is invalid in: { locale: "feeMaster" }' on server localhost:27017]
2021-03-15 15:18:12.466  INFO 8772 --- [RMI TCP Connection(12)-127.0.0.1] inMXBeanRegistrar$SpringApplicationAdmin : Application shutdown requested.
2021-03-15 15:18:12.804  INFO 8772 --- [RMI TCP Connection(12)-127.0.0.1] o.s.s.concurrent.ThreadPoolTaskExecutor  : Shutting down ExecutorService 'applicationTaskExecutor'
2021-03-15 15:18:12.828  INFO 8772 --- [RMI TCP Connection(12)-127.0.0.1] org.mongodb.driver.connection            : Closed connection [connectionId{localValue:3, serverValue:14}] to localhost:27017 because the pool has been closed.
